[2026-06-15 14:45:45.551] [jointLog] [info] setting maxHashResizeThreads to 2
[2026-06-15 14:45:45.551] [jointLog] [info] Fragment incompatibility prior below threshold.  Incompatible fragments will be ignored.
[2026-06-15 14:45:45.551] [jointLog] [info] Usage of --validateMappings implies use of minScoreFraction. Since not explicitly specified, it is being set to 0.65
[2026-06-15 14:45:45.551] [jointLog] [info] Setting consensusSlack to selective-alignment default of 0.35.
[2026-06-15 14:45:45.551] [jointLog] [info] parsing read library format
[2026-06-15 14:45:45.551] [jointLog] [info] There is 1 library.
[2026-06-15 14:45:45.552] [jointLog] [info] Loading pufferfish index
[2026-06-15 14:45:45.552] [jointLog] [info] Loading dense pufferfish index.
[2026-06-15 14:45:46.931] [jointLog] [info] done
[2026-06-15 14:45:47.100] [jointLog] [info] Index contained 116,178 targets
[2026-06-15 14:45:47.160] [jointLog] [info] Number of decoys : 0
[2026-06-15 14:45:47.915] [jointLog] [info] Automatically detected most likely library type as U

[2026-06-15 14:49:45.543] [jointLog] [info] Computed 237,424 rich equivalence classes for further processing
[2026-06-15 14:49:45.543] [jointLog] [info] Counted 5,030,117 total reads in the equivalence classes 
[2026-06-15 14:49:45.546] [jointLog] [warning] 0.314196% of fragments were shorter than the k used to build the index.
If this fraction is too large, consider re-building the index with a smaller k.
The minimum read size found was 15.


[2026-06-15 14:49:45.546] [jointLog] [info] Number of mappings discarded because of alignment score : 37,899,898
[2026-06-15 14:49:45.546] [jointLog] [info] Number of fragments entirely discarded because of alignment score : 414,106
[2026-06-15 14:49:45.546] [jointLog] [info] Number of fragments discarded because they are best-mapped to decoys : 0
[2026-06-15 14:49:45.546] [jointLog] [info] Number of fragments discarded because they have only dovetail (discordant) mappings to valid targets : 0
[2026-06-15 14:49:45.546] [jointLog] [info] Mapping rate = 59.6663%

[2026-06-15 14:49:45.546] [jointLog] [info] finished quantifyLibrary()
[2026-06-15 14:49:45.546] [jointLog] [info] Starting optimizer
[2026-06-15 14:49:45.544] [fileLog] [info] 
At end of round 0
==================
Observed 8430419 total fragments (8430419 in most recent round)

[2026-06-15 14:49:54.037] [jointLog] [info] Marked 0 weighted equivalence classes as degenerate
[2026-06-15 14:49:54.107] [jointLog] [info] iteration = 0 | max rel diff. = 3890.32
[2026-06-15 14:50:01.212] [jointLog] [info] iteration = 100 | max rel diff. = 14.5644
[2026-06-15 14:50:07.782] [jointLog] [info] iteration = 200 | max rel diff. = 8.38547
[2026-06-15 14:50:14.841] [jointLog] [info] iteration = 300 | max rel diff. = 1.10458
[2026-06-15 14:50:22.373] [jointLog] [info] iteration = 400 | max rel diff. = 3.0487
[2026-06-15 14:50:30.075] [jointLog] [info] iteration = 500 | max rel diff. = 1.97232
[2026-06-15 14:50:37.644] [jointLog] [info] iteration = 600 | max rel diff. = 0.170982
[2026-06-15 14:50:45.015] [jointLog] [info] iteration = 700 | max rel diff. = 0.0290883
[2026-06-15 14:50:51.934] [jointLog] [info] iteration = 800 | max rel diff. = 0.0371814
[2026-06-15 14:50:58.885] [jointLog] [info] iteration = 900 | max rel diff. = 0.126985
[2026-06-15 14:51:06.340] [jointLog] [info] iteration = 1,000 | max rel diff. = 0.998769
[2026-06-15 14:51:14.013] [jointLog] [info] iteration = 1,100 | max rel diff. = 0.0712751
[2026-06-15 14:51:21.092] [jointLog] [info] iteration = 1,200 | max rel diff. = 0.0331711
[2026-06-15 14:51:23.429] [jointLog] [info] iteration = 1,232 | max rel diff. = 0.00503905
[2026-06-15 14:51:23.440] [jointLog] [info] Finished optimizer
[2026-06-15 14:51:23.440] [jointLog] [info] writing output 

