[2026-06-15 14:37:46.981] [jointLog] [info] setting maxHashResizeThreads to 2
[2026-06-15 14:37:46.981] [jointLog] [info] Fragment incompatibility prior below threshold.  Incompatible fragments will be ignored.
[2026-06-15 14:37:46.981] [jointLog] [info] Usage of --validateMappings implies use of minScoreFraction. Since not explicitly specified, it is being set to 0.65
[2026-06-15 14:37:46.981] [jointLog] [info] Setting consensusSlack to selective-alignment default of 0.35.
[2026-06-15 14:37:46.981] [jointLog] [info] parsing read library format
[2026-06-15 14:37:46.981] [jointLog] [info] There is 1 library.
[2026-06-15 14:37:46.981] [jointLog] [info] Loading pufferfish index
[2026-06-15 14:37:46.981] [jointLog] [info] Loading dense pufferfish index.
[2026-06-15 14:37:48.304] [jointLog] [info] done
[2026-06-15 14:37:48.419] [jointLog] [info] Index contained 116,178 targets
[2026-06-15 14:37:48.475] [jointLog] [info] Number of decoys : 0
[2026-06-15 14:37:49.037] [jointLog] [info] Automatically detected most likely library type as U

[2026-06-15 14:42:42.192] [jointLog] [info] Computed 269,412 rich equivalence classes for further processing
[2026-06-15 14:42:42.192] [jointLog] [info] Counted 8,188,063 total reads in the equivalence classes 
[2026-06-15 14:42:42.194] [jointLog] [warning] 0.0673663% of fragments were shorter than the k used to build the index.
If this fraction is too large, consider re-building the index with a smaller k.
The minimum read size found was 15.


[2026-06-15 14:42:42.194] [jointLog] [info] Number of mappings discarded because of alignment score : 30,490,533
[2026-06-15 14:42:42.194] [jointLog] [info] Number of fragments entirely discarded because of alignment score : 416,746
[2026-06-15 14:42:42.194] [jointLog] [info] Number of fragments discarded because they are best-mapped to decoys : 0
[2026-06-15 14:42:42.194] [jointLog] [info] Number of fragments discarded because they have only dovetail (discordant) mappings to valid targets : 0
[2026-06-15 14:42:42.194] [jointLog] [info] Mapping rate = 65.1701%

[2026-06-15 14:42:42.194] [jointLog] [info] finished quantifyLibrary()
[2026-06-15 14:42:42.194] [jointLog] [info] Starting optimizer
[2026-06-15 14:42:42.193] [fileLog] [info] 
At end of round 0
==================
Observed 12564150 total fragments (12564150 in most recent round)

[2026-06-15 14:42:42.470] [jointLog] [info] Marked 0 weighted equivalence classes as degenerate
[2026-06-15 14:42:42.569] [jointLog] [info] iteration = 0 | max rel diff. = 5874.82
[2026-06-15 14:42:50.099] [jointLog] [info] iteration = 100 | max rel diff. = 19.0037
[2026-06-15 14:42:58.265] [jointLog] [info] iteration = 200 | max rel diff. = 6.69846
[2026-06-15 14:43:05.834] [jointLog] [info] iteration = 300 | max rel diff. = 5.7702
[2026-06-15 14:43:13.747] [jointLog] [info] iteration = 400 | max rel diff. = 0.389808
[2026-06-15 14:43:20.702] [jointLog] [info] iteration = 500 | max rel diff. = 5.99029
[2026-06-15 14:43:29.128] [jointLog] [info] iteration = 600 | max rel diff. = 3.97141
[2026-06-15 14:43:37.493] [jointLog] [info] iteration = 700 | max rel diff. = 1.23076
[2026-06-15 14:43:45.662] [jointLog] [info] iteration = 800 | max rel diff. = 0.13189
[2026-06-15 14:43:53.929] [jointLog] [info] iteration = 900 | max rel diff. = 0.0187599
[2026-06-15 14:44:01.215] [jointLog] [info] iteration = 1,000 | max rel diff. = 0.0315896
[2026-06-15 14:44:08.455] [jointLog] [info] iteration = 1,100 | max rel diff. = 0.0243104
[2026-06-15 14:44:15.381] [jointLog] [info] iteration = 1,200 | max rel diff. = 1.41458
[2026-06-15 14:44:19.964] [jointLog] [info] iteration = 1,264 | max rel diff. = 0.0052852
[2026-06-15 14:44:19.969] [jointLog] [info] Finished optimizer
[2026-06-15 14:44:19.969] [jointLog] [info] writing output 

[2026-06-15 14:44:20.333] [jointLog] [warning] NOTE: Read Lib [[ data/cleaned/Treg_KO_3.fastq.gz ]] :

Detected a *potential* strand bias > 1% in an unstranded protocol check the file: results/salmon/Treg_KO_3/lib_format_counts.json for details

