[2026-06-15 14:32:48.195] [jointLog] [info] setting maxHashResizeThreads to 2
[2026-06-15 14:32:48.195] [jointLog] [info] Fragment incompatibility prior below threshold.  Incompatible fragments will be ignored.
[2026-06-15 14:32:48.195] [jointLog] [info] Usage of --validateMappings implies use of minScoreFraction. Since not explicitly specified, it is being set to 0.65
[2026-06-15 14:32:48.195] [jointLog] [info] Setting consensusSlack to selective-alignment default of 0.35.
[2026-06-15 14:32:48.195] [jointLog] [info] parsing read library format
[2026-06-15 14:32:48.196] [jointLog] [info] There is 1 library.
[2026-06-15 14:32:48.196] [jointLog] [info] Loading pufferfish index
[2026-06-15 14:32:48.197] [jointLog] [info] Loading dense pufferfish index.
[2026-06-15 14:32:50.062] [jointLog] [info] done
[2026-06-15 14:32:50.147] [jointLog] [info] Index contained 116,178 targets
[2026-06-15 14:32:50.183] [jointLog] [info] Number of decoys : 0
[2026-06-15 14:32:50.805] [jointLog] [info] Automatically detected most likely library type as U

[2026-06-15 14:36:34.473] [jointLog] [info] Computed 228,097 rich equivalence classes for further processing
[2026-06-15 14:36:34.473] [jointLog] [info] Counted 5,100,185 total reads in the equivalence classes 
[2026-06-15 14:36:34.475] [jointLog] [warning] 0.123055% of fragments were shorter than the k used to build the index.
If this fraction is too large, consider re-building the index with a smaller k.
The minimum read size found was 15.


[2026-06-15 14:36:34.475] [jointLog] [info] Number of mappings discarded because of alignment score : 27,151,429
[2026-06-15 14:36:34.475] [jointLog] [info] Number of fragments entirely discarded because of alignment score : 332,439
[2026-06-15 14:36:34.475] [jointLog] [info] Number of fragments discarded because they are best-mapped to decoys : 0
[2026-06-15 14:36:34.475] [jointLog] [info] Number of fragments discarded because they have only dovetail (discordant) mappings to valid targets : 0
[2026-06-15 14:36:34.475] [jointLog] [info] Mapping rate = 60.1269%

[2026-06-15 14:36:34.475] [jointLog] [info] finished quantifyLibrary()
[2026-06-15 14:36:34.475] [jointLog] [info] Starting optimizer
[2026-06-15 14:36:34.688] [jointLog] [info] Marked 0 weighted equivalence classes as degenerate
[2026-06-15 14:36:34.763] [jointLog] [info] iteration = 0 | max rel diff. = 3919.48
[2026-06-15 14:36:34.473] [fileLog] [info] 
At end of round 0
==================
Observed 8482372 total fragments (8482372 in most recent round)

[2026-06-15 14:36:41.254] [jointLog] [info] iteration = 100 | max rel diff. = 17.8163
[2026-06-15 14:36:47.363] [jointLog] [info] iteration = 200 | max rel diff. = 2.05559
[2026-06-15 14:36:53.581] [jointLog] [info] iteration = 300 | max rel diff. = 0.806804
[2026-06-15 14:36:59.908] [jointLog] [info] iteration = 400 | max rel diff. = 2.33582
[2026-06-15 14:37:06.171] [jointLog] [info] iteration = 500 | max rel diff. = 0.146662
[2026-06-15 14:37:12.709] [jointLog] [info] iteration = 600 | max rel diff. = 0.229829
[2026-06-15 14:37:18.962] [jointLog] [info] iteration = 700 | max rel diff. = 6.6085
[2026-06-15 14:37:25.342] [jointLog] [info] iteration = 800 | max rel diff. = 0.0359778
[2026-06-15 14:37:31.922] [jointLog] [info] iteration = 900 | max rel diff. = 0.0989576
[2026-06-15 14:37:39.568] [jointLog] [info] iteration = 1,000 | max rel diff. = 0.0522732
[2026-06-15 14:37:45.367] [jointLog] [info] iteration = 1,080 | max rel diff. = 0.0069913
[2026-06-15 14:37:45.372] [jointLog] [info] Finished optimizer
[2026-06-15 14:37:45.372] [jointLog] [info] writing output 

[2026-06-15 14:37:45.781] [jointLog] [warning] NOTE: Read Lib [[ data/cleaned/Tconv_KO_2.fastq.gz ]] :

Detected a *potential* strand bias > 1% in an unstranded protocol check the file: results/salmon/Tconv_KO_2/lib_format_counts.json for details

