[2026-06-15 14:32:48.208] [jointLog] [info] setting maxHashResizeThreads to 2
[2026-06-15 14:32:48.208] [jointLog] [info] Fragment incompatibility prior below threshold.  Incompatible fragments will be ignored.
[2026-06-15 14:32:48.208] [jointLog] [info] Usage of --validateMappings implies use of minScoreFraction. Since not explicitly specified, it is being set to 0.65
[2026-06-15 14:32:48.208] [jointLog] [info] Setting consensusSlack to selective-alignment default of 0.35.
[2026-06-15 14:32:48.208] [jointLog] [info] parsing read library format
[2026-06-15 14:32:48.208] [jointLog] [info] There is 1 library.
[2026-06-15 14:32:48.208] [jointLog] [info] Loading pufferfish index
[2026-06-15 14:32:48.208] [jointLog] [info] Loading dense pufferfish index.
[2026-06-15 14:32:50.062] [jointLog] [info] done
[2026-06-15 14:32:50.166] [jointLog] [info] Index contained 116,178 targets
[2026-06-15 14:32:50.219] [jointLog] [info] Number of decoys : 0
[2026-06-15 14:32:51.152] [jointLog] [info] Automatically detected most likely library type as U

[2026-06-15 14:37:17.439] [fileLog] [info] 
At end of round 0
==================
Observed 9315801 total fragments (9315801 in most recent round)

[2026-06-15 14:37:17.438] [jointLog] [info] Computed 235,201 rich equivalence classes for further processing
[2026-06-15 14:37:17.438] [jointLog] [info] Counted 5,185,690 total reads in the equivalence classes 
[2026-06-15 14:37:17.441] [jointLog] [warning] 0.202516% of fragments were shorter than the k used to build the index.
If this fraction is too large, consider re-building the index with a smaller k.
The minimum read size found was 15.


[2026-06-15 14:37:17.441] [jointLog] [info] Number of mappings discarded because of alignment score : 38,845,578
[2026-06-15 14:37:17.441] [jointLog] [info] Number of fragments entirely discarded because of alignment score : 435,735
[2026-06-15 14:37:17.441] [jointLog] [info] Number of fragments discarded because they are best-mapped to decoys : 0
[2026-06-15 14:37:17.441] [jointLog] [info] Number of fragments discarded because they have only dovetail (discordant) mappings to valid targets : 0
[2026-06-15 14:37:17.441] [jointLog] [info] Mapping rate = 55.6655%

[2026-06-15 14:37:17.441] [jointLog] [info] finished quantifyLibrary()
[2026-06-15 14:37:17.441] [jointLog] [info] Starting optimizer
[2026-06-15 14:37:17.664] [jointLog] [info] Marked 0 weighted equivalence classes as degenerate
[2026-06-15 14:37:17.728] [jointLog] [info] iteration = 0 | max rel diff. = 3991.24
[2026-06-15 14:37:24.929] [jointLog] [info] iteration = 100 | max rel diff. = 19.8963
[2026-06-15 14:37:32.243] [jointLog] [info] iteration = 200 | max rel diff. = 6.62259
[2026-06-15 14:37:40.122] [jointLog] [info] iteration = 300 | max rel diff. = 0.85861
[2026-06-15 14:37:47.126] [jointLog] [info] iteration = 400 | max rel diff. = 0.456522
[2026-06-15 14:37:54.125] [jointLog] [info] iteration = 500 | max rel diff. = 0.177204
[2026-06-15 14:38:01.884] [jointLog] [info] iteration = 600 | max rel diff. = 0.881606
[2026-06-15 14:38:09.302] [jointLog] [info] iteration = 700 | max rel diff. = 0.0481235
[2026-06-15 14:38:16.313] [jointLog] [info] iteration = 797 | max rel diff. = 0.00910718
[2026-06-15 14:38:16.318] [jointLog] [info] Finished optimizer
[2026-06-15 14:38:16.318] [jointLog] [info] writing output 

[2026-06-15 14:38:16.693] [jointLog] [warning] NOTE: Read Lib [[ data/cleaned/Tconv_WT_2.fastq.gz ]] :

Detected a *potential* strand bias > 1% in an unstranded protocol check the file: results/salmon/Tconv_WT_2/lib_format_counts.json for details

